social/android1/capacitor-cordova-android-plugins/build/intermediates/manifest_merge_blame_file/debug/manifest-merger-blame-debug-report.txt
1<?xml version="1.0" encoding="utf-8"?>
2<manifest xmlns:amazon="http://schemas.amazon.com/apk/res/android"
3    xmlns:android="http://schemas.android.com/apk/res/android"
4    package="capacitor.android.plugins" >
5
6    <uses-sdk android:minSdkVersion="22" />
6-->src\main\AndroidManifest.xml
7
8    <uses-permission android:name="android.permission.GET_ACCOUNTS" />
8-->src\main\AndroidManifest.xml:8:1-66
8-->src\main\AndroidManifest.xml:8:18-64
9    <uses-permission android:name="android.permission.USE_CREDENTIALS" />
9-->src\main\AndroidManifest.xml:9:1-69
9-->src\main\AndroidManifest.xml:9:18-67
10
11    <application>
11-->src\main\AndroidManifest.xml:5:1-7:15
12    </application>
13
14</manifest>